<?xml version="1.0" encoding="UTF-8"?>
<!-- Generated by org.testng.reporters.JUnitReportReporter -->
<testsuite skipped="0" hostname="DESKTOP-8V8EC74" name="gft2.sel2" tests="1" failures="0" timestamp="28 Apr 2020 09:34:57 GMT" time="164.010" errors="0">
  <testcase name="configure_details" time="164.010" classname="gft2.sel2"/>
</testsuite> <!-- gft2.sel2 -->
